<?xml version="1.0" encoding="UTF-8"?>
<!-- Generated by org.testng.reporters.JUnitReportReporter -->
<testsuite hostname="LAPTOP-PF17CLMF" failures="0" tests="1" name="com.appimAssessment.Appium.ClickClass12BiologyInKhanAcademy1" time="20.706" errors="0" timestamp="2022-06-03T19:28:31 IST" skipped="0">
  <testcase classname="com.appimAssessment.Appium.ClickClass12BiologyInKhanAcademy1" name="clickClass12Biology" time="20.706"/>
  <system-out/>
</testsuite> <!-- com.appimAssessment.Appium.ClickClass12BiologyInKhanAcademy1 -->
